Determining if the function pthread_create exists in the pthreads failed with the following output:
Change Dir: /home/atica/catkin_ws/src/Modulo_GPS/CMakeFiles/CMakeTmp

Run Build Command:/usr/bin/make "cmTryCompileExec/fast"
/usr/bin/make -f CMakeFiles/cmTryCompileExec.dir/build.make CMakeFiles/cmTryCompileExec.dir/build
make[1]: se ingresa al directorio «/home/atica/catkin_ws/src/Modulo_GPS/CMakeFiles/CMakeTmp»
/usr/bin/cmake -E cmake_progress_report /home/atica/catkin_ws/src/Modulo_GPS/CMakeFiles/CMakeTmp/CMakeFiles 1
Building C object CMakeFiles/cmTryCompileExec.dir/CheckFunctionExists.c.o
/usr/bin/gcc   -DCHECK_FUNCTION_EXISTS=pthread_create   -o CMakeFiles/cmTryCompileExec.dir/CheckFunctionExists.c.o   -c /usr/share/cmake-2.8/Modules/CheckFunctionExists.c
Linking C executable cmTryCompileExec
/usr/bin/cmake -E cmake_link_script CMakeFiles/cmTryCompileExec.dir/link.txt --verbose=1
/usr/bin/gcc     -DCHECK_FUNCTION_EXISTS=pthread_create    CMakeFiles/cmTryCompileExec.dir/CheckFunctionExists.c.o  -o cmTryCompileExec -rdynamic -lpthreads 
/usr/bin/ld: cannot find -lpthreads
collect2: ld devolvió el estado de salida 1
make[1]: *** [cmTryCompileExec] Error 1
make[1]: se sale del directorio «/home/atica/catkin_ws/src/Modulo_GPS/CMakeFiles/CMakeTmp»
make: *** [cmTryCompileExec/fast] Error 2


Determining if the pthread_create exist failed with the following output:
Change Dir: /home/atica/catkin_ws/src/Modulo_GPS/CMakeFiles/CMakeTmp

Run Build Command:/usr/bin/make "cmTryCompileExec1672433131/fast"
make[1]: se ingresa al directorio «/home/atica/catkin_ws/src/Modulo_GPS/CMakeFiles/CMakeTmp»
/usr/bin/make -f CMakeFiles/cmTryCompileExec1672433131.dir/build.make CMakeFiles/cmTryCompileExec1672433131.dir/build
make[2]: se ingresa al directorio «/home/atica/catkin_ws/src/Modulo_GPS/CMakeFiles/CMakeTmp»
/usr/bin/cmake -E cmake_progress_report /home/atica/catkin_ws/src/Modulo_GPS/CMakeFiles/CMakeTmp/CMakeFiles 1
Building C object CMakeFiles/cmTryCompileExec1672433131.dir/CheckSymbolExists.c.o
/usr/bin/gcc    -o CMakeFiles/cmTryCompileExec1672433131.dir/CheckSymbolExists.c.o   -c /home/atica/catkin_ws/src/Modulo_GPS/CMakeFiles/CMakeTmp/CheckSymbolExists.c
Linking C executable cmTryCompileExec1672433131
/usr/bin/cmake -E cmake_link_script CMakeFiles/cmTryCompileExec1672433131.dir/link.txt --verbose=1
/usr/bin/gcc         CMakeFiles/cmTryCompileExec1672433131.dir/CheckSymbolExists.c.o  -o cmTryCompileExec1672433131 -rdynamic 
CMakeFiles/cmTryCompileExec1672433131.dir/CheckSymbolExists.c.o: In function `main':
CheckSymbolExists.c:(.text+0xa): undefined reference to `pthread_create'
collect2: ld devolvió el estado de salida 1
make[2]: se sale del directorio «/home/atica/catkin_ws/src/Modulo_GPS/CMakeFiles/CMakeTmp»
make[2]: *** [cmTryCompileExec1672433131] Error 1
make[1]: *** [cmTryCompileExec1672433131/fast] Error 2
make[1]: se sale del directorio «/home/atica/catkin_ws/src/Modulo_GPS/CMakeFiles/CMakeTmp»

File /home/atica/catkin_ws/src/Modulo_GPS/CMakeFiles/CMakeTmp/CheckSymbolExists.c:
/* */
#include <pthread.h>

int main(int argc, char** argv)
{
  (void)argv;
#ifndef pthread_create
  return ((int*)(&pthread_create))[argc];
#else
  (void)argc;
  return 0;
#endif
}

Determining if the function pthread_create exists in the pthreads failed with the following output:
Change Dir: /home/atica/catkin_ws/src/Modulo_GPS/CMakeFiles/CMakeTmp

Run Build Command:/usr/bin/make "cmTryCompileExec/fast"
make[1]: se ingresa al directorio «/home/atica/catkin_ws/src/Modulo_GPS/CMakeFiles/CMakeTmp»
/usr/bin/make -f CMakeFiles/cmTryCompileExec.dir/build.make CMakeFiles/cmTryCompileExec.dir/build
make[2]: se ingresa al directorio «/home/atica/catkin_ws/src/Modulo_GPS/CMakeFiles/CMakeTmp»
/usr/bin/cmake -E cmake_progress_report /home/atica/catkin_ws/src/Modulo_GPS/CMakeFiles/CMakeTmp/CMakeFiles 1
Building C object CMakeFiles/cmTryCompileExec.dir/CheckFunctionExists.c.o
/usr/bin/gcc   -DCHECK_FUNCTION_EXISTS=pthread_create   -o CMakeFiles/cmTryCompileExec.dir/CheckFunctionExists.c.o   -c /usr/share/cmake-2.8/Modules/CheckFunctionExists.c
Linking C executable cmTryCompileExec
/usr/bin/cmake -E cmake_link_script CMakeFiles/cmTryCompileExec.dir/link.txt --verbose=1
/usr/bin/gcc     -DCHECK_FUNCTION_EXISTS=pthread_create    CMakeFiles/cmTryCompileExec.dir/CheckFunctionExists.c.o  -o cmTryCompileExec -rdynamic -lpthreads 
/usr/bin/ld: cannot find -lpthreads
collect2: ld devolvió el estado de salida 1
make[2]: se sale del directorio «/home/atica/catkin_ws/src/Modulo_GPS/CMakeFiles/CMakeTmp»
make[2]: *** [cmTryCompileExec] Error 1
make[1]: se sale del directorio «/home/atica/catkin_ws/src/Modulo_GPS/CMakeFiles/CMakeTmp»
make[1]: *** [cmTryCompileExec/fast] Error 2


